2021/11/29 08:43:16 [notice] 1#1: using the "epoll" event method
2021/11/29 08:43:16 [notice] 1#1: nginx/1.21.4
2021/11/29 08:43:16 [notice] 1#1: built by gcc 10.3.1 20210424 (Alpine 10.3.1_git20210424) 
2021/11/29 08:43:16 [notice] 1#1: OS: Linux 5.11.0-40-generic
2021/11/29 08:43:16 [notice] 1#1: getrlimit(RLIMIT_NOFILE): 1048576:1048576
2021/11/29 08:43:16 [notice] 1#1: start worker processes
2021/11/29 08:43:16 [notice] 1#1: start worker process 25
2021/11/29 08:43:16 [notice] 1#1: start worker process 26
2021/11/29 08:43:16 [notice] 1#1: start worker process 27
2021/11/29 08:43:16 [notice] 1#1: start worker process 28
2021/11/29 08:45:33 [notice] 1#1: signal 3 (SIGQUIT) received, shutting down
2021/11/29 08:45:33 [notice] 27#27: gracefully shutting down
2021/11/29 08:45:33 [notice] 26#26: gracefully shutting down
2021/11/29 08:45:33 [notice] 27#27: exiting
2021/11/29 08:45:33 [notice] 26#26: exiting
2021/11/29 08:45:33 [notice] 26#26: exit
2021/11/29 08:45:33 [notice] 27#27: exit
2021/11/29 08:45:33 [notice] 28#28: gracefully shutting down
2021/11/29 08:45:33 [notice] 28#28: exiting
2021/11/29 08:45:33 [notice] 25#25: gracefully shutting down
2021/11/29 08:45:33 [notice] 25#25: exiting
2021/11/29 08:45:33 [notice] 28#28: exit
2021/11/29 08:45:33 [notice] 25#25: exit
2021/11/29 08:45:33 [notice] 1#1: signal 17 (SIGCHLD) received from 28
2021/11/29 08:45:33 [notice] 1#1: worker process 25 exited with code 0
2021/11/29 08:45:33 [notice] 1#1: worker process 27 exited with code 0
2021/11/29 08:45:33 [notice] 1#1: worker process 28 exited with code 0
2021/11/29 08:45:33 [notice] 1#1: signal 29 (SIGIO) received
2021/11/29 08:45:33 [notice] 1#1: signal 17 (SIGCHLD) received from 26
2021/11/29 08:45:33 [notice] 1#1: worker process 26 exited with code 0
2021/11/29 08:45:33 [notice] 1#1: exit
2021/11/29 08:47:24 [notice] 1#1: using the "epoll" event method
2021/11/29 08:47:24 [notice] 1#1: nginx/1.21.4
2021/11/29 08:47:24 [notice] 1#1: built by gcc 10.2.1 20210110 (Debian 10.2.1-6) 
2021/11/29 08:47:24 [notice] 1#1: OS: Linux 5.11.0-40-generic
2021/11/29 08:47:24 [notice] 1#1: getrlimit(RLIMIT_NOFILE): 1048576:1048576
2021/11/29 08:47:24 [notice] 1#1: start worker processes
2021/11/29 08:47:24 [notice] 1#1: start worker process 23
2021/11/29 08:47:24 [notice] 1#1: start worker process 24
2021/11/29 08:47:24 [notice] 1#1: start worker process 25
2021/11/29 08:47:24 [notice] 1#1: start worker process 26
2021/11/29 09:06:32 [notice] 1#1: signal 3 (SIGQUIT) received, shutting down
2021/11/29 09:06:32 [notice] 25#25: gracefully shutting down
2021/11/29 09:06:32 [notice] 24#24: gracefully shutting down
2021/11/29 09:06:32 [notice] 25#25: exiting
2021/11/29 09:06:32 [notice] 24#24: exiting
2021/11/29 09:06:32 [notice] 25#25: exit
2021/11/29 09:06:32 [notice] 24#24: exit
2021/11/29 09:06:32 [notice] 23#23: gracefully shutting down
2021/11/29 09:06:32 [notice] 23#23: exiting
2021/11/29 09:06:32 [notice] 23#23: exit
2021/11/29 09:06:32 [notice] 26#26: gracefully shutting down
2021/11/29 09:06:32 [notice] 26#26: exiting
2021/11/29 09:06:32 [notice] 26#26: exit
2021/11/29 09:06:32 [notice] 1#1: signal 17 (SIGCHLD) received from 24
2021/11/29 09:06:32 [notice] 1#1: worker process 24 exited with code 0
2021/11/29 09:06:32 [notice] 1#1: signal 29 (SIGIO) received
2021/11/29 09:06:32 [notice] 1#1: signal 17 (SIGCHLD) received from 23
2021/11/29 09:06:32 [notice] 1#1: worker process 23 exited with code 0
2021/11/29 09:06:32 [notice] 1#1: worker process 25 exited with code 0
2021/11/29 09:06:32 [notice] 1#1: worker process 26 exited with code 0
2021/11/29 09:06:32 [notice] 1#1: exit
2021/11/29 09:29:28 [notice] 1#1: using the "epoll" event method
2021/11/29 09:29:28 [notice] 1#1: nginx/1.21.4
2021/11/29 09:29:28 [notice] 1#1: built by gcc 10.2.1 20210110 (Debian 10.2.1-6) 
2021/11/29 09:29:28 [notice] 1#1: OS: Linux 5.11.0-40-generic
2021/11/29 09:29:28 [notice] 1#1: getrlimit(RLIMIT_NOFILE): 1048576:1048576
2021/11/29 09:29:28 [notice] 1#1: start worker processes
2021/11/29 09:29:28 [notice] 1#1: start worker process 25
2021/11/29 09:29:28 [notice] 1#1: start worker process 26
2021/11/29 09:29:28 [notice] 1#1: start worker process 27
2021/11/29 09:29:28 [notice] 1#1: start worker process 28
2021/11/29 09:31:54 [notice] 1#1: signal 3 (SIGQUIT) received, shutting down
2021/11/29 09:31:54 [notice] 25#25: gracefully shutting down
2021/11/29 09:31:54 [notice] 27#27: gracefully shutting down
2021/11/29 09:31:54 [notice] 26#26: gracefully shutting down
2021/11/29 09:31:54 [notice] 26#26: exiting
2021/11/29 09:31:54 [notice] 27#27: exiting
2021/11/29 09:31:54 [notice] 26#26: exit
2021/11/29 09:31:54 [notice] 27#27: exit
2021/11/29 09:31:54 [notice] 28#28: gracefully shutting down
2021/11/29 09:31:54 [notice] 28#28: exiting
2021/11/29 09:31:54 [notice] 28#28: exit
2021/11/29 09:31:54 [notice] 1#1: signal 17 (SIGCHLD) received from 26
2021/11/29 09:31:54 [notice] 1#1: worker process 26 exited with code 0
2021/11/29 09:31:54 [notice] 1#1: worker process 27 exited with code 0
2021/11/29 09:31:54 [notice] 1#1: signal 29 (SIGIO) received
2021/11/29 09:31:54 [notice] 1#1: signal 17 (SIGCHLD) received from 28
2021/11/29 09:31:54 [notice] 1#1: worker process 28 exited with code 0
2021/11/29 09:31:54 [notice] 1#1: signal 29 (SIGIO) received
2021/11/29 09:31:55 [notice] 25#25: exiting
2021/11/29 09:31:55 [notice] 25#25: exit
2021/11/29 09:31:55 [notice] 1#1: signal 17 (SIGCHLD) received from 25
2021/11/29 09:31:55 [notice] 1#1: worker process 25 exited with code 0
2021/11/29 09:31:55 [notice] 1#1: exit
2021/11/29 09:32:02 [notice] 1#1: using the "epoll" event method
2021/11/29 09:32:02 [notice] 1#1: nginx/1.21.4
2021/11/29 09:32:02 [notice] 1#1: built by gcc 10.2.1 20210110 (Debian 10.2.1-6) 
2021/11/29 09:32:02 [notice] 1#1: OS: Linux 5.11.0-40-generic
2021/11/29 09:32:02 [notice] 1#1: getrlimit(RLIMIT_NOFILE): 1048576:1048576
2021/11/29 09:32:02 [notice] 1#1: start worker processes
2021/11/29 09:32:02 [notice] 1#1: start worker process 24
2021/11/29 09:32:02 [notice] 1#1: start worker process 25
2021/11/29 09:32:02 [notice] 1#1: start worker process 26
2021/11/29 09:32:02 [notice] 1#1: start worker process 27
2021/11/29 09:35:40 [notice] 1#1: signal 3 (SIGQUIT) received, shutting down
2021/11/29 09:35:40 [notice] 25#25: gracefully shutting down
2021/11/29 09:35:40 [notice] 27#27: gracefully shutting down
2021/11/29 09:35:40 [notice] 25#25: exiting
2021/11/29 09:35:40 [notice] 24#24: gracefully shutting down
2021/11/29 09:35:40 [notice] 27#27: exiting
2021/11/29 09:35:40 [notice] 24#24: exiting
2021/11/29 09:35:40 [notice] 25#25: exit
2021/11/29 09:35:40 [notice] 27#27: exit
2021/11/29 09:35:40 [notice] 24#24: exit
2021/11/29 09:35:40 [notice] 26#26: gracefully shutting down
2021/11/29 09:35:40 [notice] 26#26: exiting
2021/11/29 09:35:40 [notice] 26#26: exit
2021/11/29 09:35:40 [notice] 1#1: signal 17 (SIGCHLD) received from 27
2021/11/29 09:35:40 [notice] 1#1: worker process 24 exited with code 0
2021/11/29 09:35:40 [notice] 1#1: worker process 25 exited with code 0
2021/11/29 09:35:40 [notice] 1#1: worker process 27 exited with code 0
2021/11/29 09:35:40 [notice] 1#1: signal 29 (SIGIO) received
2021/11/29 09:35:40 [notice] 1#1: signal 17 (SIGCHLD) received from 24
2021/11/29 09:35:40 [notice] 1#1: signal 17 (SIGCHLD) received from 26
2021/11/29 09:35:40 [notice] 1#1: worker process 26 exited with code 0
2021/11/29 09:35:40 [notice] 1#1: exit
2021/11/29 09:35:47 [notice] 1#1: using the "epoll" event method
2021/11/29 09:35:47 [notice] 1#1: nginx/1.21.4
2021/11/29 09:35:47 [notice] 1#1: built by gcc 10.2.1 20210110 (Debian 10.2.1-6) 
2021/11/29 09:35:47 [notice] 1#1: OS: Linux 5.11.0-40-generic
2021/11/29 09:35:47 [notice] 1#1: getrlimit(RLIMIT_NOFILE): 1048576:1048576
2021/11/29 09:35:47 [notice] 1#1: start worker processes
2021/11/29 09:35:47 [notice] 1#1: start worker process 26
2021/11/29 09:35:47 [notice] 1#1: start worker process 27
2021/11/29 09:35:47 [notice] 1#1: start worker process 28
2021/11/29 09:35:47 [notice] 1#1: start worker process 29
2021/11/29 09:52:18 [notice] 1#1: signal 3 (SIGQUIT) received, shutting down
2021/11/29 09:52:18 [notice] 26#26: gracefully shutting down
2021/11/29 09:52:18 [notice] 27#27: gracefully shutting down
2021/11/29 09:52:18 [notice] 26#26: exiting
2021/11/29 09:52:18 [notice] 27#27: exiting
2021/11/29 09:52:18 [notice] 29#29: gracefully shutting down
2021/11/29 09:52:18 [notice] 26#26: exit
2021/11/29 09:52:18 [notice] 27#27: exit
2021/11/29 09:52:18 [notice] 29#29: exiting
2021/11/29 09:52:18 [notice] 29#29: exit
2021/11/29 09:52:18 [notice] 28#28: gracefully shutting down
2021/11/29 09:52:18 [notice] 28#28: exiting
2021/11/29 09:52:18 [notice] 28#28: exit
2021/11/29 09:52:18 [notice] 1#1: signal 17 (SIGCHLD) received from 29
2021/11/29 09:52:18 [notice] 1#1: worker process 26 exited with code 0
2021/11/29 09:52:18 [notice] 1#1: worker process 27 exited with code 0
2021/11/29 09:52:18 [notice] 1#1: worker process 28 exited with code 0
2021/11/29 09:52:18 [notice] 1#1: worker process 29 exited with code 0
2021/11/29 09:52:18 [notice] 1#1: exit
2021/11/29 09:52:27 [notice] 1#1: using the "epoll" event method
2021/11/29 09:52:27 [notice] 1#1: nginx/1.21.4
2021/11/29 09:52:27 [notice] 1#1: built by gcc 10.2.1 20210110 (Debian 10.2.1-6) 
2021/11/29 09:52:27 [notice] 1#1: OS: Linux 5.11.0-40-generic
2021/11/29 09:52:27 [notice] 1#1: getrlimit(RLIMIT_NOFILE): 1048576:1048576
2021/11/29 09:52:27 [notice] 1#1: start worker processes
2021/11/29 09:52:27 [notice] 1#1: start worker process 26
2021/11/29 09:52:27 [notice] 1#1: start worker process 27
2021/11/29 09:52:27 [notice] 1#1: start worker process 28
2021/11/29 09:52:27 [notice] 1#1: start worker process 29
2021/11/29 10:15:17 [notice] 1#1: signal 3 (SIGQUIT) received, shutting down
2021/11/29 10:15:17 [notice] 27#27: gracefully shutting down
2021/11/29 10:15:17 [notice] 28#28: gracefully shutting down
2021/11/29 10:15:17 [notice] 29#29: gracefully shutting down
2021/11/29 10:15:17 [notice] 28#28: exiting
2021/11/29 10:15:17 [notice] 29#29: exiting
2021/11/29 10:15:17 [notice] 28#28: exit
2021/11/29 10:15:17 [notice] 29#29: exit
2021/11/29 10:15:17 [notice] 26#26: gracefully shutting down
2021/11/29 10:15:17 [notice] 26#26: exiting
2021/11/29 10:15:17 [notice] 26#26: exit
2021/11/29 10:15:17 [notice] 1#1: signal 17 (SIGCHLD) received from 28
2021/11/29 10:15:17 [notice] 1#1: worker process 28 exited with code 0
2021/11/29 10:15:17 [notice] 1#1: worker process 29 exited with code 0
2021/11/29 10:15:17 [notice] 1#1: signal 29 (SIGIO) received
2021/11/29 10:15:17 [notice] 1#1: signal 17 (SIGCHLD) received from 29
2021/11/29 10:15:17 [notice] 1#1: signal 17 (SIGCHLD) received from 26
2021/11/29 10:15:17 [notice] 1#1: worker process 26 exited with code 0
2021/11/29 10:15:17 [notice] 1#1: signal 29 (SIGIO) received
2021/11/29 10:15:20 [notice] 27#27: exiting
2021/11/29 10:15:20 [notice] 27#27: exit
2021/11/29 10:15:20 [notice] 1#1: signal 17 (SIGCHLD) received from 27
2021/11/29 10:15:20 [notice] 1#1: worker process 27 exited with code 0
2021/11/29 10:15:20 [notice] 1#1: exit
2021/11/29 10:15:28 [notice] 1#1: using the "epoll" event method
2021/11/29 10:15:28 [notice] 1#1: nginx/1.21.4
2021/11/29 10:15:28 [notice] 1#1: built by gcc 10.2.1 20210110 (Debian 10.2.1-6) 
2021/11/29 10:15:28 [notice] 1#1: OS: Linux 5.11.0-40-generic
2021/11/29 10:15:28 [notice] 1#1: getrlimit(RLIMIT_NOFILE): 1048576:1048576
2021/11/29 10:15:28 [notice] 1#1: start worker processes
2021/11/29 10:15:28 [notice] 1#1: start worker process 24
2021/11/29 10:15:28 [notice] 1#1: start worker process 25
2021/11/29 10:15:28 [notice] 1#1: start worker process 26
2021/11/29 10:15:28 [notice] 1#1: start worker process 27
2021/11/29 10:19:44 [notice] 1#1: signal 3 (SIGQUIT) received, shutting down
2021/11/29 10:19:44 [notice] 24#24: gracefully shutting down
2021/11/29 10:19:44 [notice] 26#26: gracefully shutting down
2021/11/29 10:19:44 [notice] 26#26: exiting
2021/11/29 10:19:44 [notice] 24#24: exiting
2021/11/29 10:19:44 [notice] 26#26: exit
2021/11/29 10:19:44 [notice] 24#24: exit
2021/11/29 10:19:44 [notice] 27#27: gracefully shutting down
2021/11/29 10:19:44 [notice] 27#27: exiting
2021/11/29 10:19:44 [notice] 27#27: exit
2021/11/29 10:19:44 [notice] 25#25: gracefully shutting down
2021/11/29 10:19:45 [notice] 1#1: signal 17 (SIGCHLD) received from 26
2021/11/29 10:19:45 [notice] 1#1: worker process 24 exited with code 0
2021/11/29 10:19:45 [notice] 1#1: worker process 26 exited with code 0
2021/11/29 10:19:45 [notice] 1#1: signal 29 (SIGIO) received
2021/11/29 10:19:45 [notice] 1#1: signal 17 (SIGCHLD) received from 27
2021/11/29 10:19:45 [notice] 1#1: worker process 27 exited with code 0
2021/11/29 10:19:45 [notice] 1#1: signal 29 (SIGIO) received
2021/11/29 10:19:46 [notice] 25#25: exiting
2021/11/29 10:19:46 [notice] 25#25: exit
2021/11/29 10:19:46 [notice] 1#1: signal 17 (SIGCHLD) received from 25
2021/11/29 10:19:46 [notice] 1#1: worker process 25 exited with code 0
2021/11/29 10:19:46 [notice] 1#1: exit
2021/11/29 10:20:33 [notice] 1#1: using the "epoll" event method
2021/11/29 10:20:33 [notice] 1#1: nginx/1.21.4
2021/11/29 10:20:33 [notice] 1#1: built by gcc 10.2.1 20210110 (Debian 10.2.1-6) 
2021/11/29 10:20:33 [notice] 1#1: OS: Linux 5.11.0-40-generic
2021/11/29 10:20:33 [notice] 1#1: getrlimit(RLIMIT_NOFILE): 1048576:1048576
2021/11/29 10:20:33 [notice] 1#1: start worker processes
2021/11/29 10:20:33 [notice] 1#1: start worker process 26
2021/11/29 10:20:33 [notice] 1#1: start worker process 27
2021/11/29 10:20:33 [notice] 1#1: start worker process 28
2021/11/29 10:20:33 [notice] 1#1: start worker process 29
